FILE_TYPE=LIBRARY_PARTS;
PRIMITIVE 'TJ8S06M3L_T6L1_NQ_','TJ8S06M3L_T6L1_NQ__Other';
  PIN
    'G':
      PIN_NUMBER='(1)';
      NO_LOAD_CHECK=BOTH;
      NO_IO_CHECK=BOTH;
      ALLOW_CONNECT=TRUE;
      PINUSE='UNSPEC';
    'D':
      PIN_NUMBER='(2)';
      NO_LOAD_CHECK=BOTH;
      NO_IO_CHECK=BOTH;
      ALLOW_CONNECT=TRUE;
      PINUSE='UNSPEC';
    'S':
      PIN_NUMBER='(3)';
      NO_LOAD_CHECK=BOTH;
      NO_IO_CHECK=BOTH;
      ALLOW_CONNECT=TRUE;
      PINUSE='UNSPEC';
  END_PIN;
  BODY
    PART_NAME='TJ8S06M3L_T6L1_NQ_';
    PHYS_DES_PREFIX='Q';
    NO_LOAD_CHECK='TRUE';
    PIN_COUNT='3';
    BODY_NAME='TJ8S06M3L_T6L1_NQ_';
    JEDEC_TYPE='TJ8S06M3LT6L1NQ';
  END_BODY;
END_PRIMITIVE;
END.
