FILE_TYPE=LIBRARY_PARTS;
PRIMITIVE 'PKM13EPYH4000_A0','PKM13EPYH4000_A0_Other';
  PIN
    '+':
      PIN_NUMBER='(1)';
      NO_LOAD_CHECK=BOTH;
      NO_IO_CHECK=BOTH;
      ALLOW_CONNECT=TRUE;
      PINUSE='UNSPEC';
    '-':
      PIN_NUMBER='(2)';
      NO_LOAD_CHECK=BOTH;
      NO_IO_CHECK=BOTH;
      ALLOW_CONNECT=TRUE;
      PINUSE='UNSPEC';
  END_PIN;
  BODY
    PART_NAME='PKM13EPYH4000_A0';
    PHYS_DES_PREFIX='LS';
    NO_LOAD_CHECK='TRUE';
    PIN_COUNT='2';
    BODY_NAME='PKM13EPYH4000_A0';
    JEDEC_TYPE='PKM13EPYH4000A0';
  END_BODY;
END_PRIMITIVE;
END.
