FILE_TYPE=LIBRARY_PARTS;
PRIMITIVE 'TEFT4300','TEFT4300_Other';
  PIN
    'E':
      PIN_NUMBER='(1)';
      NO_LOAD_CHECK=BOTH;
      NO_IO_CHECK=BOTH;
      ALLOW_CONNECT=TRUE;
      PINUSE='UNSPEC';
    'C':
      PIN_NUMBER='(2)';
      NO_LOAD_CHECK=BOTH;
      NO_IO_CHECK=BOTH;
      ALLOW_CONNECT=TRUE;
      PINUSE='UNSPEC';
  END_PIN;
  BODY
    PART_NAME='TEFT4300';
    PHYS_DES_PREFIX='Q';
    NO_LOAD_CHECK='TRUE';
    PIN_COUNT='2';
    BODY_NAME='TEFT4300';
    JEDEC_TYPE='TEFT4300';
  END_BODY;
END_PRIMITIVE;
END.
